Flow report for pro
Sun Oct 30 15:48:05 2016
Quartus II 64-Bit Version 13.1.0 Build 162 10/23/2013 SJ Full Version


---------------------
; Table of Contents ;
---------------------
  1. Legal Notice
  2. Flow Summary
  3. Flow Settings
  4. Flow Non-Default Global Settings
  5. Flow Elapsed Time
  6. Flow OS Summary
  7. Flow Log
  8. Flow Messages
  9. Flow Suppressed Messages



----------------
; Legal Notice ;
----------------
Copyright (C) 1991-2013 Altera Corporation
Your use of Altera Corporation's design tools, logic functions 
and other software and tools, and its AMPP partner logic 
functions, and any output files from any of the foregoing 
(including device programming or simulation files), and any 
associated documentation or information are expressly subject 
to the terms and conditions of the Altera Program License 
Subscription Agreement, Altera MegaCore Function License 
Agreement, or other applicable license agreement, including, 
without limitation, that your use is for the sole purpose of 
programming logic devices manufactured by Altera and sold by 
Altera or its authorized distributors.  Please refer to the 
applicable agreement for further details.



+----------------------------------------------------------------------------------+
; Flow Summary                                                                     ;
+------------------------------------+---------------------------------------------+
; Flow Status                        ; Successful - Sun Oct 30 15:47:49 2016       ;
; Quartus II 64-Bit Version          ; 13.1.0 Build 162 10/23/2013 SJ Full Version ;
; Revision Name                      ; pro                                         ;
; Top-level Entity Name              ; pro                                         ;
; Family                             ; Cyclone IV E                                ;
; Device                             ; EP4CE10F17C8                                ;
; Timing Models                      ; Final                                       ;
; Total logic elements               ; 2,988 / 10,320 ( 29 % )                     ;
;     Total combinational functions  ; 2,017 / 10,320 ( 20 % )                     ;
;     Dedicated logic registers      ; 1,770 / 10,320 ( 17 % )                     ;
; Total registers                    ; 1770                                        ;
; Total pins                         ; 64 / 180 ( 36 % )                           ;
; Total virtual pins                 ; 0                                           ;
; Total memory bits                  ; 0 / 423,936 ( 0 % )                         ;
; Embedded Multiplier 9-bit elements ; 0 / 46 ( 0 % )                              ;
; Total PLLs                         ; 1 / 2 ( 50 % )                              ;
+------------------------------------+---------------------------------------------+


+-----------------------------------------+
; Flow Settings                           ;
+-------------------+---------------------+
; Option            ; Setting             ;
+-------------------+---------------------+
; Start date & time ; 10/30/2016 15:45:42 ;
; Main task         ; Compilation         ;
; Revision Name     ; pro                 ;
+-------------------+---------------------+


+------------------------------------------------------------------------------------------------------------------------+
; Flow Non-Default Global Settings                                                                                       ;
+-------------------------------------+---------------------------------------+---------------+-------------+------------+
; Assignment Name                     ; Value                                 ; Default Value ; Entity Name ; Section Id ;
+-------------------------------------+---------------------------------------+---------------+-------------+------------+
; COMPILER_SIGNATURE_ID               ; 44883561941713.147781354206076        ; --            ; --          ; --         ;
; ENABLE_SIGNALTAP                    ; On                                    ; --            ; --          ; --         ;
; IP_TOOL_NAME                        ; ALTPLL                                ; --            ; --          ; --         ;
; IP_TOOL_VERSION                     ; 13.1                                  ; --            ; --          ; --         ;
; MAX_CORE_JUNCTION_TEMP              ; 85                                    ; --            ; --          ; --         ;
; MIN_CORE_JUNCTION_TEMP              ; 0                                     ; --            ; --          ; --         ;
; MISC_FILE                           ; pll_bb.v                              ; --            ; --          ; --         ;
; MISC_FILE                           ; pll.ppf                               ; --            ; --          ; --         ;
; OUTPUT_IO_TIMING_FAR_END_VMEAS      ; Half Signal Swing                     ; --            ; --          ; --         ;
; OUTPUT_IO_TIMING_FAR_END_VMEAS      ; Half Signal Swing                     ; --            ; --          ; --         ;
; OUTPUT_IO_TIMING_NEAR_END_VMEAS     ; Half Vccio                            ; --            ; --          ; --         ;
; OUTPUT_IO_TIMING_NEAR_END_VMEAS     ; Half Vccio                            ; --            ; --          ; --         ;
; PARTITION_COLOR                     ; 16764057                              ; --            ; --          ; Top        ;
; PARTITION_FITTER_PRESERVATION_LEVEL ; PLACEMENT_AND_ROUTING                 ; --            ; --          ; Top        ;
; PARTITION_NETLIST_TYPE              ; SOURCE                                ; --            ; --          ; Top        ;
; POWER_BOARD_THERMAL_MODEL           ; None (CONSERVATIVE)                   ; --            ; --          ; --         ;
; POWER_PRESET_COOLING_SOLUTION       ; 23 MM HEAT SINK WITH 200 LFPM AIRFLOW ; --            ; --          ; --         ;
; USE_SIGNALTAP_FILE                  ; stp1.stp                              ; --            ; --          ; --         ;
+-------------------------------------+---------------------------------------+---------------+-------------+------------+


+-------------------------------------------------------------------------------------------------------------------------------+
; Flow Elapsed Time                                                                                                             ;
+---------------------------+--------------+-------------------------+---------------------+------------------------------------+
; Module Name               ; Elapsed Time ; Average Processors Used ; Peak Virtual Memory ; Total CPU Time (on all processors) ;
+---------------------------+--------------+-------------------------+---------------------+------------------------------------+
; Analysis & Synthesis      ; 00:00:26     ; 1.0                     ; 534 MB              ; 00:00:08                           ;
; Fitter                    ; 00:01:10     ; 1.2                     ; 1118 MB             ; 00:00:36                           ;
; Assembler                 ; 00:00:04     ; 1.0                     ; 505 MB              ; 00:00:03                           ;
; TimeQuest Timing Analyzer ; 00:00:13     ; 1.1                     ; 607 MB              ; 00:00:11                           ;
; Total                     ; 00:01:53     ; --                      ; --                  ; 00:00:58                           ;
+---------------------------+--------------+-------------------------+---------------------+------------------------------------+


+----------------------------------------------------------------------------------------+
; Flow OS Summary                                                                        ;
+---------------------------+------------------+-----------+------------+----------------+
; Module Name               ; Machine Hostname ; OS Name   ; OS Version ; Processor type ;
+---------------------------+------------------+-----------+------------+----------------+
; Analysis & Synthesis      ; DESKTOP-LG7A97R  ; Windows 7 ; 6.2        ; x86_64         ;
; Fitter                    ; DESKTOP-LG7A97R  ; Windows 7 ; 6.2        ; x86_64         ;
; Assembler                 ; DESKTOP-LG7A97R  ; Windows 7 ; 6.2        ; x86_64         ;
; TimeQuest Timing Analyzer ; DESKTOP-LG7A97R  ; Windows 7 ; 6.2        ; x86_64         ;
+---------------------------+------------------+-----------+------------+----------------+


------------
; Flow Log ;
------------
quartus_map --read_settings_files=on --write_settings_files=off pro -c pro
quartus_fit --read_settings_files=off --write_settings_files=off pro -c pro
quartus_asm --read_settings_files=off --write_settings_files=off pro -c pro
quartus_sta pro -c pro



